0 info it worked if it ends with ok
1 verbose cli [ 'C:\\Program Files\\nodejs\\node.exe',
1 verbose cli   'C:\\Users\\MAVEN D-4\\AppData\\Roaming\\npm\\node_modules\\npm\\bin\\npm-cli.js',
1 verbose cli   'publish' ]
2 info using npm@3.8.1
3 info using node@v4.2.6
4 verbose publish [ '.' ]
5 silly cache add args [ '.', null ]
6 verbose cache add spec .
7 silly cache add parsed spec Result {
7 silly cache add   raw: '.',
7 silly cache add   scope: null,
7 silly cache add   name: null,
7 silly cache add   rawSpec: '.',
7 silly cache add   spec: 'D:\\Electron Workspace\\markdownify',
7 silly cache add   type: 'directory' }
8 verbose addLocalDirectory C:\Users\MAVEN D-4\AppData\Roaming\npm-cache\markdownify\1.0.0\package.tgz not in flight; packing
9 verbose correctMkdir C:\Users\MAVEN D-4\AppData\Roaming\npm-cache correctMkdir not in flight; initializing
10 info lifecycle markdownify@1.0.0~prepublish: markdownify@1.0.0
11 silly lifecycle markdownify@1.0.0~prepublish: no script for prepublish, continuing
12 verbose tar pack [ 'C:\\Users\\MAVEN D-4\\AppData\\Roaming\\npm-cache\\markdownify\\1.0.0\\package.tgz',
12 verbose tar pack   'D:\\Electron Workspace\\markdownify' ]
13 verbose tarball C:\Users\MAVEN D-4\AppData\Roaming\npm-cache\markdownify\1.0.0\package.tgz
14 verbose folder D:\Electron Workspace\markdownify
15 verbose addLocalTarball adding from inside cache C:\Users\MAVEN D-4\AppData\Roaming\npm-cache\markdownify\1.0.0\package.tgz
16 verbose correctMkdir C:\Users\MAVEN D-4\AppData\Roaming\npm-cache correctMkdir not in flight; initializing
17 silly cache afterAdd markdownify@1.0.0
18 verbose afterAdd C:\Users\MAVEN D-4\AppData\Roaming\npm-cache\markdownify\1.0.0\package\package.json not in flight; writing
19 verbose correctMkdir C:\Users\MAVEN D-4\AppData\Roaming\npm-cache correctMkdir not in flight; initializing
20 verbose afterAdd C:\Users\MAVEN D-4\AppData\Roaming\npm-cache\markdownify\1.0.0\package\package.json written
21 silly publish { name: 'markdownify',
21 silly publish   version: '1.0.0',
21 silly publish   description: 'A minimal Markdown Editor',
21 silly publish   main: 'main.js',
21 silly publish   productName: 'Markdownify',
21 silly publish   scripts: { start: 'electron main.js' },
21 silly publish   repository:
21 silly publish    { type: 'git',
21 silly publish      url: 'git+https://github.com/amitmerchant1990/markdownify.git' },
21 silly publish   keywords:
21 silly publish    [ 'electron',
21 silly publish      'markdown',
21 silly publish      'plain',
21 silly publish      'node',
21 silly publish      'minimal',
21 silly publish      'editor',
21 silly publish      'preview' ],
21 silly publish   author: { name: 'Amit Merchant' },
21 silly publish   license: 'MIT',
21 silly publish   bugs: { url: 'https://github.com/amitmerchant1990/markdownify/issues' },
21 silly publish   homepage: 'https://github.com/amitmerchant1990/markdownify#readme',
21 silly publish   devDependencies: { 'electron-prebuilt': '^0.36.0' },
21 silly publish   readme: '# Markdownify\n\n**A minimal Markdown Editor**\n\nThis is a minimal Markdown Editor based on [Electron](http://electron.atom.io).\n\n## How To Use\n\nDownload this project, and run\n\n````\n$> cd PATH-TO-MARKDOWNIFY-DESKTOP-APP\n$> npm install && npm start\n```\n\n#### License\n\nMIT\n',
21 silly publish   readmeFilename: 'README.md',
21 silly publish   gitHead: 'e8a216fb7e4d7c6a50b318e7419024a271614a4e',
21 silly publish   _id: 'markdownify@1.0.0',
21 silly publish   _shasum: 'df36a27a246d94bdf26372c579e6eb49582ad2fc',
21 silly publish   _from: '.' }
22 verbose getPublishConfig undefined
23 silly mapToRegistry name markdownify
24 silly mapToRegistry using default registry
25 silly mapToRegistry registry https://registry.npmjs.org/
26 silly mapToRegistry uri https://registry.npmjs.org/markdownify
27 verbose publish registryBase https://registry.npmjs.org/
28 silly publish uploading C:\Users\MAVEN D-4\AppData\Roaming\npm-cache\markdownify\1.0.0\package.tgz
29 verbose request uri https://registry.npmjs.org/markdownify
30 verbose request sending authorization for write operation
31 info attempt registry request try #1 at 7:30:44 PM
32 verbose request using bearer token for auth
33 verbose request id c559b767d8a3ba25
34 http request PUT https://registry.npmjs.org/markdownify
35 http 403 https://registry.npmjs.org/markdownify
36 verbose headers { 'content-type': 'application/json',
36 verbose headers   'cache-control': 'max-age=300',
36 verbose headers   'content-length': '105',
36 verbose headers   'accept-ranges': 'bytes',
36 verbose headers   date: 'Fri, 15 Apr 2016 14:00:47 GMT',
36 verbose headers   via: '1.1 varnish',
36 verbose headers   connection: 'keep-alive',
36 verbose headers   'x-served-by': 'cache-sin6925-SIN',
36 verbose headers   'x-cache': 'MISS',
36 verbose headers   'x-cache-hits': '0',
36 verbose headers   'x-timer': 'S1460728846.090395,VS0,VE990',
36 verbose headers   vary: 'Accept-Encoding' }
37 verbose request invalidating C:\Users\MAVEN D-4\AppData\Roaming\npm-cache\registry.npmjs.org\markdownify on PUT
38 error publish Failed PUT 403
39 verbose stack Error: you do not have permission to publish "markdownify". Are you logged in as the correct user? : markdownify
39 verbose stack     at makeError (C:\Users\MAVEN D-4\AppData\Roaming\npm\node_modules\npm\node_modules\npm-registry-client\lib\request.js:264:12)
39 verbose stack     at CachingRegistryClient.<anonymous> (C:\Users\MAVEN D-4\AppData\Roaming\npm\node_modules\npm\node_modules\npm-registry-client\lib\request.js:252:14)
39 verbose stack     at Request._callback (C:\Users\MAVEN D-4\AppData\Roaming\npm\node_modules\npm\node_modules\npm-registry-client\lib\request.js:172:14)
39 verbose stack     at Request.self.callback (C:\Users\MAVEN D-4\AppData\Roaming\npm\node_modules\npm\node_modules\request\request.js:199:22)
39 verbose stack     at emitTwo (events.js:87:13)
39 verbose stack     at Request.emit (events.js:172:7)
39 verbose stack     at Request.<anonymous> (C:\Users\MAVEN D-4\AppData\Roaming\npm\node_modules\npm\node_modules\request\request.js:1036:10)
39 verbose stack     at emitOne (events.js:82:20)
39 verbose stack     at Request.emit (events.js:169:7)
39 verbose stack     at IncomingMessage.<anonymous> (C:\Users\MAVEN D-4\AppData\Roaming\npm\node_modules\npm\node_modules\request\request.js:963:12)
40 verbose statusCode 403
41 verbose pkgid markdownify
42 verbose cwd D:\Electron Workspace\markdownify
43 error Windows_NT 10.0.10586
44 error argv "C:\\Program Files\\nodejs\\node.exe" "C:\\Users\\MAVEN D-4\\AppData\\Roaming\\npm\\node_modules\\npm\\bin\\npm-cli.js" "publish"
45 error node v4.2.6
46 error npm  v3.8.1
47 error code E403
48 error you do not have permission to publish "markdownify". Are you logged in as the correct user? : markdownify
49 error If you need help, you may report this error at:
49 error     <https://github.com/npm/npm/issues>
50 verbose exit [ 1, true ]
